TMS320C2000 Assembler PC v6.4.9 Wed Jan 20 10:55:50 2016

Tools Copyright (c) 1996-2015 Texas Instruments Incorporated
C:\Users\BenBracy\AppData\Local\Temp\8696410                         PAGE    1

       1              ;***************************************************************
       2              ;* TMS320C2000 C/C++ Codegen                         PC v6.4.9 *
       3              ;* Date/Time created: Wed Jan 20 10:55:50 2016                 *
       4              ;***************************************************************
       5                      .compiler_opts --float_support=softlib --hll_source=on --mem_model:code=flat --mem_model:data=large -
       6        0002  FP      .set    XAR2
       7              
       8              $C$DW$CU        .dwtag  DW_TAG_compile_unit
       9                      .dwattr $C$DW$CU, DW_AT_name("C:/ti/motorware/motorware_1_01_00_14/sw/modules/svgen/src/32b/svgen_cur
      10                      .dwattr $C$DW$CU, DW_AT_producer("TI TMS320C2000 C/C++ Codegen PC v6.4.9 Copyright (c) 1996-2015 Texa
      11                      .dwattr $C$DW$CU, DW_AT_TI_version(0x01)
      12                      .dwattr $C$DW$CU, DW_AT_comp_dir("C:\Users\BenBracy\Documents\TI FOC\proj_lab09\Flash")
      13              ;       C:\ti\ccsv6\tools\compiler\ti-cgt-c2000_6.4.9\bin\opt2000.exe C:\\Users\\BenBracy\\AppData\\Local\\Te
      14              ;       C:\ti\ccsv6\tools\compiler\ti-cgt-c2000_6.4.9\bin\ac2000.exe -@C:\\Users\\BenBracy\\AppData\\Local\\T
      15 00000000               .sect   ".text"
      16                      .clink
      17                      .global _SVGENCURRENT_setMinWidth
      18              
      19              $C$DW$1 .dwtag  DW_TAG_subprogram, DW_AT_name("SVGENCURRENT_setMinWidth")
      20                      .dwattr $C$DW$1, DW_AT_low_pc(_SVGENCURRENT_setMinWidth)
      21                      .dwattr $C$DW$1, DW_AT_high_pc(0x00)
      22                      .dwattr $C$DW$1, DW_AT_TI_symbol_name("_SVGENCURRENT_setMinWidth")
      23                      .dwattr $C$DW$1, DW_AT_external
      24                      .dwattr $C$DW$1, DW_AT_TI_begin_file("C:/ti/motorware/motorware_1_01_00_14/sw/modules/svgen/src/32b/s
      25                      .dwattr $C$DW$1, DW_AT_TI_begin_line(0x47)
      26                      .dwattr $C$DW$1, DW_AT_TI_begin_column(0x06)
      27                      .dwattr $C$DW$1, DW_AT_TI_max_frame_size(-2)
      28                      .dwpsn  file "C:/ti/motorware/motorware_1_01_00_14/sw/modules/svgen/src/32b/svgen_current.c",line 72,
      29              
      30                      .dwfde $C$DW$CIE, _SVGENCURRENT_setMinWidth
      31              $C$DW$2 .dwtag  DW_TAG_formal_parameter, DW_AT_name("svgencurrentHandle")
      32                      .dwattr $C$DW$2, DW_AT_TI_symbol_name("_svgencurrentHandle")
      33                      .dwattr $C$DW$2, DW_AT_type(*$C$DW$T$25)
      34                      .dwattr $C$DW$2, DW_AT_location[DW_OP_reg12]
      35              $C$DW$3 .dwtag  DW_TAG_formal_parameter, DW_AT_name("minwidth")
      36                      .dwattr $C$DW$3, DW_AT_TI_symbol_name("_minwidth")
      37                      .dwattr $C$DW$3, DW_AT_type(*$C$DW$T$33)
      38                      .dwattr $C$DW$3, DW_AT_location[DW_OP_reg0]
      39              
      40              ;***************************************************************
      41              ;* FNAME: _SVGENCURRENT_setMinWidth     FR SIZE:   0           *
      42              ;*                                                             *
      43              ;* FUNCTION ENVIRONMENT                                        *
      44              ;*                                                             *
      45              ;* FUNCTION PROPERTIES                                         *
      46              ;*                            0 Parameter,  0 Auto,  0 SOE     *
      47              ;***************************************************************
      48              
      49              _SVGENCURRENT_setMinWidth:
      50              ;* AR4   assigned to _svgencurrentHandle
      51              $C$DW$4 .dwtag  DW_TAG_variable, DW_AT_name("svgencurrentHandle")
      52                      .dwattr $C$DW$4, DW_AT_TI_symbol_name("_svgencurrentHandle")
      53                      .dwattr $C$DW$4, DW_AT_type(*$C$DW$T$26)
      54                      .dwattr $C$DW$4, DW_AT_location[DW_OP_reg12]
      55              ;* AL    assigned to _minwidth
TMS320C2000 Assembler PC v6.4.9 Wed Jan 20 10:55:50 2016

Tools Copyright (c) 1996-2015 Texas Instruments Incorporated
C:\Users\BenBracy\AppData\Local\Temp\8696410                         PAGE    2

      56              $C$DW$5 .dwtag  DW_TAG_variable, DW_AT_name("minwidth")
      57                      .dwattr $C$DW$5, DW_AT_TI_symbol_name("_minwidth")
      58                      .dwattr $C$DW$5, DW_AT_type(*$C$DW$T$33)
      59                      .dwattr $C$DW$5, DW_AT_location[DW_OP_reg0]
      60                      .dwcfi  cfa_offset, -2
      61                      .dwcfi  save_reg_to_mem, 26, 0
      62                      .dwpsn  file "C:/ti/motorware/motorware_1_01_00_14/sw/modules/svgen/src/32b/svgen_current.c",line 75,
      63 00000000 96C4          MOV       *+XAR4[0],AL          ; [CPU_] |75| 
      64              $C$DW$6 .dwtag  DW_TAG_TI_branch
      65                      .dwattr $C$DW$6, DW_AT_low_pc(0x00)
      66                      .dwattr $C$DW$6, DW_AT_TI_return
      67 00000001 0006          LRETR     ; [CPU_] 
      68                      ; return occurs ; [] 
      69                      .dwattr $C$DW$1, DW_AT_TI_end_file("C:/ti/motorware/motorware_1_01_00_14/sw/modules/svgen/src/32b/svg
      70                      .dwattr $C$DW$1, DW_AT_TI_end_line(0x4e)
      71                      .dwattr $C$DW$1, DW_AT_TI_end_column(0x01)
      72                      .dwendentry
      73                      .dwendtag $C$DW$1
      74              
      75 00000002               .sect   ".text"
      76                      .clink
      77                      .global _SVGENCURRENT_init
      78              
      79              $C$DW$7 .dwtag  DW_TAG_subprogram, DW_AT_name("SVGENCURRENT_init")
      80                      .dwattr $C$DW$7, DW_AT_low_pc(_SVGENCURRENT_init)
      81                      .dwattr $C$DW$7, DW_AT_high_pc(0x00)
      82                      .dwattr $C$DW$7, DW_AT_TI_symbol_name("_SVGENCURRENT_init")
      83                      .dwattr $C$DW$7, DW_AT_external
      84                      .dwattr $C$DW$7, DW_AT_type(*$C$DW$T$25)
      85                      .dwattr $C$DW$7, DW_AT_TI_begin_file("C:/ti/motorware/motorware_1_01_00_14/sw/modules/svgen/src/32b/s
      86                      .dwattr $C$DW$7, DW_AT_TI_begin_line(0x39)
      87                      .dwattr $C$DW$7, DW_AT_TI_begin_column(0x15)
      88                      .dwattr $C$DW$7, DW_AT_TI_max_frame_size(-2)
      89                      .dwpsn  file "C:/ti/motorware/motorware_1_01_00_14/sw/modules/svgen/src/32b/svgen_current.c",line 58,
      90              
      91                      .dwfde $C$DW$CIE, _SVGENCURRENT_init
      92              $C$DW$8 .dwtag  DW_TAG_formal_parameter, DW_AT_name("pMemory")
      93                      .dwattr $C$DW$8, DW_AT_TI_symbol_name("_pMemory")
      94                      .dwattr $C$DW$8, DW_AT_type(*$C$DW$T$3)
      95                      .dwattr $C$DW$8, DW_AT_location[DW_OP_reg12]
      96              $C$DW$9 .dwtag  DW_TAG_formal_parameter, DW_AT_name("numBytes")
      97                      .dwattr $C$DW$9, DW_AT_TI_symbol_name("_numBytes")
      98                      .dwattr $C$DW$9, DW_AT_type(*$C$DW$T$28)
      99                      .dwattr $C$DW$9, DW_AT_location[DW_OP_reg0]
     100              
     101              ;***************************************************************
     102              ;* FNAME: _SVGENCURRENT_init            FR SIZE:   0           *
     103              ;*                                                             *
     104              ;* FUNCTION ENVIRONMENT                                        *
     105              ;*                                                             *
     106              ;* FUNCTION PROPERTIES                                         *
     107              ;*                            0 Parameter,  0 Auto,  0 SOE     *
     108              ;***************************************************************
     109              
     110              _SVGENCURRENT_init:
TMS320C2000 Assembler PC v6.4.9 Wed Jan 20 10:55:50 2016

Tools Copyright (c) 1996-2015 Texas Instruments Incorporated
C:\Users\BenBracy\AppData\Local\Temp\8696410                         PAGE    3

     111              ;* AR6   assigned to _numBytes
     112              $C$DW$10        .dwtag  DW_TAG_variable, DW_AT_name("numBytes")
     113                      .dwattr $C$DW$10, DW_AT_TI_symbol_name("_numBytes")
     114                      .dwattr $C$DW$10, DW_AT_type(*$C$DW$T$28)
     115                      .dwattr $C$DW$10, DW_AT_location[DW_OP_reg16]
     116                      .dwcfi  cfa_offset, -2
     117                      .dwcfi  save_reg_to_mem, 26, 0
     118 00000002 1EA6          MOVL      XAR6,ACC              ; [CPU_] |58| 
     119                      .dwpsn  file "C:/ti/motorware/motorware_1_01_00_14/sw/modules/svgen/src/32b/svgen_current.c",line 62,
     120 00000003 0202          MOVB      ACC,#2                ; [CPU_] |62| 
     121 00000004 0FA6          CMPL      ACC,XAR6              ; [CPU_] |62| 
     122 00000005 56C9          BF        $C$L1,LOS             ; [CPU_] |62| 
         00000006 0003 
     123                      ; branchcc occurs ; [] |62| 
     124 00000007 D400          MOVB      XAR4,#0               ; [CPU_] |62| 
     125              $C$L1:    
     126              $C$DW$11        .dwtag  DW_TAG_TI_branch
     127                      .dwattr $C$DW$11, DW_AT_low_pc(0x00)
     128                      .dwattr $C$DW$11, DW_AT_TI_return
     129 00000008 0006          LRETR     ; [CPU_] 
     130                      ; return occurs ; [] 
     131                      .dwattr $C$DW$7, DW_AT_TI_end_file("C:/ti/motorware/motorware_1_01_00_14/sw/modules/svgen/src/32b/svg
     132                      .dwattr $C$DW$7, DW_AT_TI_end_line(0x44)
     133                      .dwattr $C$DW$7, DW_AT_TI_end_column(0x01)
     134                      .dwendentry
     135                      .dwendtag $C$DW$7
     136              
     137 00000009               .sect   ".text"
     138                      .clink
     139                      .global _SVGENCURRENT_getMinWidth
     140              
     141              $C$DW$12        .dwtag  DW_TAG_subprogram, DW_AT_name("SVGENCURRENT_getMinWidth")
     142                      .dwattr $C$DW$12, DW_AT_low_pc(_SVGENCURRENT_getMinWidth)
     143                      .dwattr $C$DW$12, DW_AT_high_pc(0x00)
     144                      .dwattr $C$DW$12, DW_AT_TI_symbol_name("_SVGENCURRENT_getMinWidth")
     145                      .dwattr $C$DW$12, DW_AT_external
     146                      .dwattr $C$DW$12, DW_AT_type(*$C$DW$T$19)
     147                      .dwattr $C$DW$12, DW_AT_TI_begin_file("C:/ti/motorware/motorware_1_01_00_14/sw/modules/svgen/src/32b/
     148                      .dwattr $C$DW$12, DW_AT_TI_begin_line(0x51)
     149                      .dwattr $C$DW$12, DW_AT_TI_begin_column(0x09)
     150                      .dwattr $C$DW$12, DW_AT_TI_max_frame_size(-2)
     151                      .dwpsn  file "C:/ti/motorware/motorware_1_01_00_14/sw/modules/svgen/src/32b/svgen_current.c",line 82,
     152              
     153                      .dwfde $C$DW$CIE, _SVGENCURRENT_getMinWidth
     154              $C$DW$13        .dwtag  DW_TAG_formal_parameter, DW_AT_name("svgencurrentHandle")
     155                      .dwattr $C$DW$13, DW_AT_TI_symbol_name("_svgencurrentHandle")
     156                      .dwattr $C$DW$13, DW_AT_type(*$C$DW$T$25)
     157                      .dwattr $C$DW$13, DW_AT_location[DW_OP_reg12]
     158              
     159              ;***************************************************************
     160              ;* FNAME: _SVGENCURRENT_getMinWidth     FR SIZE:   0           *
     161              ;*                                                             *
     162              ;* FUNCTION ENVIRONMENT                                        *
     163              ;*                                                             *
     164              ;* FUNCTION PROPERTIES                                         *
TMS320C2000 Assembler PC v6.4.9 Wed Jan 20 10:55:50 2016

Tools Copyright (c) 1996-2015 Texas Instruments Incorporated
C:\Users\BenBracy\AppData\Local\Temp\8696410                         PAGE    4

     165              ;*                            0 Parameter,  0 Auto,  0 SOE     *
     166              ;***************************************************************
     167              
     168              _SVGENCURRENT_getMinWidth:
     169              ;* AR4   assigned to _svgencurrentHandle
     170              $C$DW$14        .dwtag  DW_TAG_variable, DW_AT_name("svgencurrentHandle")
     171                      .dwattr $C$DW$14, DW_AT_TI_symbol_name("_svgencurrentHandle")
     172                      .dwattr $C$DW$14, DW_AT_type(*$C$DW$T$26)
     173                      .dwattr $C$DW$14, DW_AT_location[DW_OP_reg12]
     174                      .dwcfi  cfa_offset, -2
     175                      .dwcfi  save_reg_to_mem, 26, 0
     176                      .dwpsn  file "C:/ti/motorware/motorware_1_01_00_14/sw/modules/svgen/src/32b/svgen_current.c",line 85,
     177 00000009 92C4          MOV       AL,*+XAR4[0]          ; [CPU_] |85| 
     178              $C$DW$15        .dwtag  DW_TAG_TI_branch
     179                      .dwattr $C$DW$15, DW_AT_low_pc(0x00)
     180                      .dwattr $C$DW$15, DW_AT_TI_return
     181 0000000a 0006          LRETR     ; [CPU_] 
     182                      ; return occurs ; [] 
     183                      .dwattr $C$DW$12, DW_AT_TI_end_file("C:/ti/motorware/motorware_1_01_00_14/sw/modules/svgen/src/32b/sv
     184                      .dwattr $C$DW$12, DW_AT_TI_end_line(0x56)
     185                      .dwattr $C$DW$12, DW_AT_TI_end_column(0x01)
     186                      .dwendentry
     187                      .dwendtag $C$DW$12
     188              
     189              
     190              ;***************************************************************
     191              ;* TYPE INFORMATION                                            *
     192              ;***************************************************************
     193              
     194              $C$DW$T$20      .dwtag  DW_TAG_enumeration_type
     195                      .dwattr $C$DW$T$20, DW_AT_byte_size(0x01)
     196              $C$DW$16        .dwtag  DW_TAG_enumerator, DW_AT_name("use_all"), DW_AT_const_value(0x00)
     197              $C$DW$17        .dwtag  DW_TAG_enumerator, DW_AT_name("ignore_a"), DW_AT_const_value(0x01)
     198              $C$DW$18        .dwtag  DW_TAG_enumerator, DW_AT_name("ignore_b"), DW_AT_const_value(0x02)
     199              $C$DW$19        .dwtag  DW_TAG_enumerator, DW_AT_name("ignore_c"), DW_AT_const_value(0x03)
     200              $C$DW$20        .dwtag  DW_TAG_enumerator, DW_AT_name("ignore_ab"), DW_AT_const_value(0x04)
     201              $C$DW$21        .dwtag  DW_TAG_enumerator, DW_AT_name("ignore_ac"), DW_AT_const_value(0x05)
     202              $C$DW$22        .dwtag  DW_TAG_enumerator, DW_AT_name("ignore_bc"), DW_AT_const_value(0x06)
     203                      .dwendtag $C$DW$T$20
     204              
     205              $C$DW$T$21      .dwtag  DW_TAG_typedef, DW_AT_name("SVGENCURRENT_IgnoreShunt_e")
     206                      .dwattr $C$DW$T$21, DW_AT_type(*$C$DW$T$20)
     207                      .dwattr $C$DW$T$21, DW_AT_language(DW_LANG_C)
     208              
     209              $C$DW$T$22      .dwtag  DW_TAG_structure_type
     210                      .dwattr $C$DW$T$22, DW_AT_name("_SVGENCURRENT_Obj_")
     211                      .dwattr $C$DW$T$22, DW_AT_byte_size(0x02)
     212              $C$DW$23        .dwtag  DW_TAG_member
     213                      .dwattr $C$DW$23, DW_AT_type(*$C$DW$T$19)
     214                      .dwattr $C$DW$23, DW_AT_name("MinWidth")
     215                      .dwattr $C$DW$23, DW_AT_TI_symbol_name("_MinWidth")
     216                      .dwattr $C$DW$23, DW_AT_data_member_location[DW_OP_plus_uconst 0x0]
     217                      .dwattr $C$DW$23, DW_AT_accessibility(DW_ACCESS_public)
     218              $C$DW$24        .dwtag  DW_TAG_member
     219                      .dwattr $C$DW$24, DW_AT_type(*$C$DW$T$21)
TMS320C2000 Assembler PC v6.4.9 Wed Jan 20 10:55:50 2016

Tools Copyright (c) 1996-2015 Texas Instruments Incorporated
C:\Users\BenBracy\AppData\Local\Temp\8696410                         PAGE    5

     220                      .dwattr $C$DW$24, DW_AT_name("IgnoreShunt")
     221                      .dwattr $C$DW$24, DW_AT_TI_symbol_name("_IgnoreShunt")
     222                      .dwattr $C$DW$24, DW_AT_data_member_location[DW_OP_plus_uconst 0x1]
     223                      .dwattr $C$DW$24, DW_AT_accessibility(DW_ACCESS_public)
     224                      .dwendtag $C$DW$T$22
     225              
     226              $C$DW$T$23      .dwtag  DW_TAG_typedef, DW_AT_name("SVGENCURRENT_Obj")
     227                      .dwattr $C$DW$T$23, DW_AT_type(*$C$DW$T$22)
     228                      .dwattr $C$DW$T$23, DW_AT_language(DW_LANG_C)
     229              $C$DW$T$24      .dwtag  DW_TAG_pointer_type
     230                      .dwattr $C$DW$T$24, DW_AT_type(*$C$DW$T$22)
     231                      .dwattr $C$DW$T$24, DW_AT_address_class(0x20)
     232              $C$DW$T$25      .dwtag  DW_TAG_typedef, DW_AT_name("SVGENCURRENT_Handle")
     233                      .dwattr $C$DW$T$25, DW_AT_type(*$C$DW$T$24)
     234                      .dwattr $C$DW$T$25, DW_AT_language(DW_LANG_C)
     235              $C$DW$25        .dwtag  DW_TAG_TI_far_type
     236                      .dwattr $C$DW$25, DW_AT_type(*$C$DW$T$25)
     237              $C$DW$T$26      .dwtag  DW_TAG_const_type
     238                      .dwattr $C$DW$T$26, DW_AT_type(*$C$DW$25)
     239              $C$DW$T$2       .dwtag  DW_TAG_unspecified_type
     240                      .dwattr $C$DW$T$2, DW_AT_name("void")
     241              $C$DW$T$3       .dwtag  DW_TAG_pointer_type
     242                      .dwattr $C$DW$T$3, DW_AT_type(*$C$DW$T$2)
     243                      .dwattr $C$DW$T$3, DW_AT_address_class(0x20)
     244              $C$DW$T$4       .dwtag  DW_TAG_base_type
     245                      .dwattr $C$DW$T$4, DW_AT_encoding(DW_ATE_boolean)
     246                      .dwattr $C$DW$T$4, DW_AT_name("bool")
     247                      .dwattr $C$DW$T$4, DW_AT_byte_size(0x01)
     248              $C$DW$T$5       .dwtag  DW_TAG_base_type
     249                      .dwattr $C$DW$T$5, DW_AT_encoding(DW_ATE_signed_char)
     250                      .dwattr $C$DW$T$5, DW_AT_name("signed char")
     251                      .dwattr $C$DW$T$5, DW_AT_byte_size(0x01)
     252              $C$DW$T$6       .dwtag  DW_TAG_base_type
     253                      .dwattr $C$DW$T$6, DW_AT_encoding(DW_ATE_unsigned_char)
     254                      .dwattr $C$DW$T$6, DW_AT_name("unsigned char")
     255                      .dwattr $C$DW$T$6, DW_AT_byte_size(0x01)
     256              $C$DW$T$7       .dwtag  DW_TAG_base_type
     257                      .dwattr $C$DW$T$7, DW_AT_encoding(DW_ATE_signed_char)
     258                      .dwattr $C$DW$T$7, DW_AT_name("wchar_t")
     259                      .dwattr $C$DW$T$7, DW_AT_byte_size(0x01)
     260              $C$DW$T$8       .dwtag  DW_TAG_base_type
     261                      .dwattr $C$DW$T$8, DW_AT_encoding(DW_ATE_signed)
     262                      .dwattr $C$DW$T$8, DW_AT_name("short")
     263                      .dwattr $C$DW$T$8, DW_AT_byte_size(0x01)
     264              $C$DW$T$9       .dwtag  DW_TAG_base_type
     265                      .dwattr $C$DW$T$9, DW_AT_encoding(DW_ATE_unsigned)
     266                      .dwattr $C$DW$T$9, DW_AT_name("unsigned short")
     267                      .dwattr $C$DW$T$9, DW_AT_byte_size(0x01)
     268              $C$DW$T$10      .dwtag  DW_TAG_base_type
     269                      .dwattr $C$DW$T$10, DW_AT_encoding(DW_ATE_signed)
     270                      .dwattr $C$DW$T$10, DW_AT_name("int")
     271                      .dwattr $C$DW$T$10, DW_AT_byte_size(0x01)
     272              $C$DW$T$19      .dwtag  DW_TAG_typedef, DW_AT_name("int16_t")
     273                      .dwattr $C$DW$T$19, DW_AT_type(*$C$DW$T$10)
     274                      .dwattr $C$DW$T$19, DW_AT_language(DW_LANG_C)
TMS320C2000 Assembler PC v6.4.9 Wed Jan 20 10:55:50 2016

Tools Copyright (c) 1996-2015 Texas Instruments Incorporated
C:\Users\BenBracy\AppData\Local\Temp\8696410                         PAGE    6

     275              $C$DW$26        .dwtag  DW_TAG_TI_far_type
     276                      .dwattr $C$DW$26, DW_AT_type(*$C$DW$T$19)
     277              $C$DW$T$33      .dwtag  DW_TAG_const_type
     278                      .dwattr $C$DW$T$33, DW_AT_type(*$C$DW$26)
     279              $C$DW$T$11      .dwtag  DW_TAG_base_type
     280                      .dwattr $C$DW$T$11, DW_AT_encoding(DW_ATE_unsigned)
     281                      .dwattr $C$DW$T$11, DW_AT_name("unsigned int")
     282                      .dwattr $C$DW$T$11, DW_AT_byte_size(0x01)
     283              $C$DW$T$12      .dwtag  DW_TAG_base_type
     284                      .dwattr $C$DW$T$12, DW_AT_encoding(DW_ATE_signed)
     285                      .dwattr $C$DW$T$12, DW_AT_name("long")
     286                      .dwattr $C$DW$T$12, DW_AT_byte_size(0x02)
     287              $C$DW$T$13      .dwtag  DW_TAG_base_type
     288                      .dwattr $C$DW$T$13, DW_AT_encoding(DW_ATE_unsigned)
     289                      .dwattr $C$DW$T$13, DW_AT_name("unsigned long")
     290                      .dwattr $C$DW$T$13, DW_AT_byte_size(0x02)
     291              $C$DW$T$27      .dwtag  DW_TAG_typedef, DW_AT_name("size_t")
     292                      .dwattr $C$DW$T$27, DW_AT_type(*$C$DW$T$13)
     293                      .dwattr $C$DW$T$27, DW_AT_language(DW_LANG_C)
     294              $C$DW$27        .dwtag  DW_TAG_TI_far_type
     295                      .dwattr $C$DW$27, DW_AT_type(*$C$DW$T$27)
     296              $C$DW$T$28      .dwtag  DW_TAG_const_type
     297                      .dwattr $C$DW$T$28, DW_AT_type(*$C$DW$27)
     298              $C$DW$T$14      .dwtag  DW_TAG_base_type
     299                      .dwattr $C$DW$T$14, DW_AT_encoding(DW_ATE_signed)
     300                      .dwattr $C$DW$T$14, DW_AT_name("long long")
     301                      .dwattr $C$DW$T$14, DW_AT_byte_size(0x04)
     302              $C$DW$T$15      .dwtag  DW_TAG_base_type
     303                      .dwattr $C$DW$T$15, DW_AT_encoding(DW_ATE_unsigned)
     304                      .dwattr $C$DW$T$15, DW_AT_name("unsigned long long")
     305                      .dwattr $C$DW$T$15, DW_AT_byte_size(0x04)
     306              $C$DW$T$16      .dwtag  DW_TAG_base_type
     307                      .dwattr $C$DW$T$16, DW_AT_encoding(DW_ATE_float)
     308                      .dwattr $C$DW$T$16, DW_AT_name("float")
     309                      .dwattr $C$DW$T$16, DW_AT_byte_size(0x02)
     310              $C$DW$T$17      .dwtag  DW_TAG_base_type
     311                      .dwattr $C$DW$T$17, DW_AT_encoding(DW_ATE_float)
     312                      .dwattr $C$DW$T$17, DW_AT_name("double")
     313                      .dwattr $C$DW$T$17, DW_AT_byte_size(0x02)
     314              $C$DW$T$18      .dwtag  DW_TAG_base_type
     315                      .dwattr $C$DW$T$18, DW_AT_encoding(DW_ATE_float)
     316                      .dwattr $C$DW$T$18, DW_AT_name("long double")
     317                      .dwattr $C$DW$T$18, DW_AT_byte_size(0x04)
     318                      .dwattr $C$DW$CU, DW_AT_language(DW_LANG_C)
     319              
     320              ;***************************************************************
     321              ;* DWARF CIE ENTRIES                                           *
     322              ;***************************************************************
     323              
     324              $C$DW$CIE       .dwcie 26
     325                      .dwcfi  cfa_register, 20
     326                      .dwcfi  cfa_offset, 0
     327                      .dwcfi  undefined, 0
     328                      .dwcfi  undefined, 1
     329                      .dwcfi  undefined, 2
TMS320C2000 Assembler PC v6.4.9 Wed Jan 20 10:55:50 2016

Tools Copyright (c) 1996-2015 Texas Instruments Incorporated
C:\Users\BenBracy\AppData\Local\Temp\8696410                         PAGE    7

     330                      .dwcfi  undefined, 3
     331                      .dwcfi  undefined, 20
     332                      .dwcfi  undefined, 21
     333                      .dwcfi  undefined, 22
     334                      .dwcfi  undefined, 23
     335                      .dwcfi  undefined, 24
     336                      .dwcfi  undefined, 25
     337                      .dwcfi  undefined, 26
     338                      .dwcfi  same_value, 28
     339                      .dwcfi  undefined, 29
     340                      .dwcfi  undefined, 30
     341                      .dwcfi  undefined, 31
     342                      .dwcfi  undefined, 32
     343                      .dwcfi  undefined, 33
     344                      .dwcfi  undefined, 34
     345                      .dwcfi  undefined, 35
     346                      .dwcfi  undefined, 36
     347                      .dwcfi  undefined, 37
     348                      .dwcfi  undefined, 38
     349                      .dwcfi  undefined, 75
     350                      .dwcfi  undefined, 76
     351                      .dwcfi  undefined, 77
     352                      .dwcfi  undefined, 4
     353                      .dwcfi  undefined, 5
     354                      .dwcfi  same_value, 6
     355                      .dwcfi  same_value, 7
     356                      .dwcfi  same_value, 8
     357                      .dwcfi  same_value, 9
     358                      .dwcfi  same_value, 10
     359                      .dwcfi  same_value, 11
     360                      .dwcfi  undefined, 12
     361                      .dwcfi  undefined, 13
     362                      .dwcfi  undefined, 14
     363                      .dwcfi  undefined, 15
     364                      .dwcfi  undefined, 16
     365                      .dwcfi  undefined, 17
     366                      .dwcfi  undefined, 18
     367                      .dwcfi  undefined, 19
     368                      .dwendentry
     369              
     370              ;***************************************************************
     371              ;* DWARF REGISTER MAP                                          *
     372              ;***************************************************************
     373              
     374              $C$DW$28        .dwtag  DW_TAG_TI_assign_register, DW_AT_name("AL")
     375                      .dwattr $C$DW$28, DW_AT_location[DW_OP_reg0]
     376              $C$DW$29        .dwtag  DW_TAG_TI_assign_register, DW_AT_name("AH")
     377                      .dwattr $C$DW$29, DW_AT_location[DW_OP_reg1]
     378              $C$DW$30        .dwtag  DW_TAG_TI_assign_register, DW_AT_name("PL")
     379                      .dwattr $C$DW$30, DW_AT_location[DW_OP_reg2]
     380              $C$DW$31        .dwtag  DW_TAG_TI_assign_register, DW_AT_name("PH")
     381                      .dwattr $C$DW$31, DW_AT_location[DW_OP_reg3]
     382              $C$DW$32        .dwtag  DW_TAG_TI_assign_register, DW_AT_name("SP")
     383                      .dwattr $C$DW$32, DW_AT_location[DW_OP_reg20]
     384              $C$DW$33        .dwtag  DW_TAG_TI_assign_register, DW_AT_name("XT")
TMS320C2000 Assembler PC v6.4.9 Wed Jan 20 10:55:50 2016

Tools Copyright (c) 1996-2015 Texas Instruments Incorporated
C:\Users\BenBracy\AppData\Local\Temp\8696410                         PAGE    8

     385                      .dwattr $C$DW$33, DW_AT_location[DW_OP_reg21]
     386              $C$DW$34        .dwtag  DW_TAG_TI_assign_register, DW_AT_name("T")
     387                      .dwattr $C$DW$34, DW_AT_location[DW_OP_reg22]
     388              $C$DW$35        .dwtag  DW_TAG_TI_assign_register, DW_AT_name("ST0")
     389                      .dwattr $C$DW$35, DW_AT_location[DW_OP_reg23]
     390              $C$DW$36        .dwtag  DW_TAG_TI_assign_register, DW_AT_name("ST1")
     391                      .dwattr $C$DW$36, DW_AT_location[DW_OP_reg24]
     392              $C$DW$37        .dwtag  DW_TAG_TI_assign_register, DW_AT_name("PC")
     393                      .dwattr $C$DW$37, DW_AT_location[DW_OP_reg25]
     394              $C$DW$38        .dwtag  DW_TAG_TI_assign_register, DW_AT_name("RPC")
     395                      .dwattr $C$DW$38, DW_AT_location[DW_OP_reg26]
     396              $C$DW$39        .dwtag  DW_TAG_TI_assign_register, DW_AT_name("FP")
     397                      .dwattr $C$DW$39, DW_AT_location[DW_OP_reg28]
     398              $C$DW$40        .dwtag  DW_TAG_TI_assign_register, DW_AT_name("DP")
     399                      .dwattr $C$DW$40, DW_AT_location[DW_OP_reg29]
     400              $C$DW$41        .dwtag  DW_TAG_TI_assign_register, DW_AT_name("SXM")
     401                      .dwattr $C$DW$41, DW_AT_location[DW_OP_reg30]
     402              $C$DW$42        .dwtag  DW_TAG_TI_assign_register, DW_AT_name("PM")
     403                      .dwattr $C$DW$42, DW_AT_location[DW_OP_reg31]
     404              $C$DW$43        .dwtag  DW_TAG_TI_assign_register, DW_AT_name("OVM")
     405                      .dwattr $C$DW$43, DW_AT_location[DW_OP_regx 0x20]
     406              $C$DW$44        .dwtag  DW_TAG_TI_assign_register, DW_AT_name("PAGE0")
     407                      .dwattr $C$DW$44, DW_AT_location[DW_OP_regx 0x21]
     408              $C$DW$45        .dwtag  DW_TAG_TI_assign_register, DW_AT_name("AMODE")
     409                      .dwattr $C$DW$45, DW_AT_location[DW_OP_regx 0x22]
     410              $C$DW$46        .dwtag  DW_TAG_TI_assign_register, DW_AT_name("INTM")
     411                      .dwattr $C$DW$46, DW_AT_location[DW_OP_regx 0x23]
     412              $C$DW$47        .dwtag  DW_TAG_TI_assign_register, DW_AT_name("IFR")
     413                      .dwattr $C$DW$47, DW_AT_location[DW_OP_regx 0x24]
     414              $C$DW$48        .dwtag  DW_TAG_TI_assign_register, DW_AT_name("IER")
     415                      .dwattr $C$DW$48, DW_AT_location[DW_OP_regx 0x25]
     416              $C$DW$49        .dwtag  DW_TAG_TI_assign_register, DW_AT_name("V")
     417                      .dwattr $C$DW$49, DW_AT_location[DW_OP_regx 0x26]
     418              $C$DW$50        .dwtag  DW_TAG_TI_assign_register, DW_AT_name("PSEUDOH")
     419                      .dwattr $C$DW$50, DW_AT_location[DW_OP_regx 0x4c]
     420              $C$DW$51        .dwtag  DW_TAG_TI_assign_register, DW_AT_name("VOL")
     421                      .dwattr $C$DW$51, DW_AT_location[DW_OP_regx 0x4d]
     422              $C$DW$52        .dwtag  DW_TAG_TI_assign_register, DW_AT_name("AR0")
     423                      .dwattr $C$DW$52, DW_AT_location[DW_OP_reg4]
     424              $C$DW$53        .dwtag  DW_TAG_TI_assign_register, DW_AT_name("XAR0")
     425                      .dwattr $C$DW$53, DW_AT_location[DW_OP_reg5]
     426              $C$DW$54        .dwtag  DW_TAG_TI_assign_register, DW_AT_name("AR1")
     427                      .dwattr $C$DW$54, DW_AT_location[DW_OP_reg6]
     428              $C$DW$55        .dwtag  DW_TAG_TI_assign_register, DW_AT_name("XAR1")
     429                      .dwattr $C$DW$55, DW_AT_location[DW_OP_reg7]
     430              $C$DW$56        .dwtag  DW_TAG_TI_assign_register, DW_AT_name("AR2")
     431                      .dwattr $C$DW$56, DW_AT_location[DW_OP_reg8]
     432              $C$DW$57        .dwtag  DW_TAG_TI_assign_register, DW_AT_name("XAR2")
     433                      .dwattr $C$DW$57, DW_AT_location[DW_OP_reg9]
     434              $C$DW$58        .dwtag  DW_TAG_TI_assign_register, DW_AT_name("AR3")
     435                      .dwattr $C$DW$58, DW_AT_location[DW_OP_reg10]
     436              $C$DW$59        .dwtag  DW_TAG_TI_assign_register, DW_AT_name("XAR3")
     437                      .dwattr $C$DW$59, DW_AT_location[DW_OP_reg11]
     438              $C$DW$60        .dwtag  DW_TAG_TI_assign_register, DW_AT_name("AR4")
     439                      .dwattr $C$DW$60, DW_AT_location[DW_OP_reg12]
TMS320C2000 Assembler PC v6.4.9 Wed Jan 20 10:55:50 2016

Tools Copyright (c) 1996-2015 Texas Instruments Incorporated
C:\Users\BenBracy\AppData\Local\Temp\8696410                         PAGE    9

     440              $C$DW$61        .dwtag  DW_TAG_TI_assign_register, DW_AT_name("XAR4")
     441                      .dwattr $C$DW$61, DW_AT_location[DW_OP_reg13]
     442              $C$DW$62        .dwtag  DW_TAG_TI_assign_register, DW_AT_name("AR5")
     443                      .dwattr $C$DW$62, DW_AT_location[DW_OP_reg14]
     444              $C$DW$63        .dwtag  DW_TAG_TI_assign_register, DW_AT_name("XAR5")
     445                      .dwattr $C$DW$63, DW_AT_location[DW_OP_reg15]
     446              $C$DW$64        .dwtag  DW_TAG_TI_assign_register, DW_AT_name("AR6")
     447                      .dwattr $C$DW$64, DW_AT_location[DW_OP_reg16]
     448              $C$DW$65        .dwtag  DW_TAG_TI_assign_register, DW_AT_name("XAR6")
     449                      .dwattr $C$DW$65, DW_AT_location[DW_OP_reg17]
     450              $C$DW$66        .dwtag  DW_TAG_TI_assign_register, DW_AT_name("AR7")
     451                      .dwattr $C$DW$66, DW_AT_location[DW_OP_reg18]
     452              $C$DW$67        .dwtag  DW_TAG_TI_assign_register, DW_AT_name("XAR7")
     453                      .dwattr $C$DW$67, DW_AT_location[DW_OP_reg19]
     454                      .dwendtag $C$DW$CU
     455              

No Assembly Errors, No Assembly Warnings
